This is pdfTeXk, Version 3.141592-1.40.3 (Web2C 7.5.6) (format=pdflatex 2013.1.7)  9 APR 2013 18:59
entering extended mode
 %&-line parsing enabled.
**finalReports.tex
(./finalReports.tex
LaTeX2e <2005/12/01>
Babel <v3.8h> and hyphenation patterns for english, usenglishmax, dumylang, noh
yphenation, arabic, basque, bulgarian, coptic, welsh, czech, slovak, german, ng
erman, danish, esperanto, spanish, catalan, galician, estonian, farsi, finnish,
 french, greek, monogreek, ancientgreek, croatian, hungarian, interlingua, ibyc
us, indonesian, icelandic, italian, latin, mongolian, dutch, norsk, polish, por
tuguese, pinyin, romanian, russian, slovenian, uppersorbian, serbian, swedish, 
turkish, ukenglish, ukrainian, loaded.
(/usr/share/texmf/tex/latex/base/article.cls
Document Class: article 2005/09/16 v1.4f Standard LaTeX document class
(/usr/share/texmf/tex/latex/base/size10.clo
File: size10.clo 2005/09/16 v1.4f Standard LaTeX file (size option)
)
\c@part=\count79
\c@section=\count80
\c@subsection=\count81
\c@subsubsection=\count82
\c@paragraph=\count83
\c@subparagraph=\count84
\c@figure=\count85
\c@table=\count86
\abovecaptionskip=\skip41
\belowcaptionskip=\skip42
\bibindent=\dimen102
)
(/usr/share/texmf/tex/latex/graphics/graphicx.sty
Package: graphicx 1999/02/16 v1.0f Enhanced LaTeX Graphics (DPC,SPQR)

(/usr/share/texmf/tex/latex/graphics/keyval.sty
Package: keyval 1999/03/16 v1.13 key=value parser (DPC)
\KV@toks@=\toks14
)
(/usr/share/texmf/tex/latex/graphics/graphics.sty
Package: graphics 2006/02/20 v1.0o Standard LaTeX Graphics (DPC,SPQR)

(/usr/share/texmf/tex/latex/graphics/trig.sty
Package: trig 1999/03/16 v1.09 sin cos tan (DPC)
)
(/usr/share/texmf/tex/latex/config/graphics.cfg
File: graphics.cfg 2007/01/18 v1.5 graphics configuration of teTeX/TeXLive
)
Package graphics Info: Driver file: pdftex.def on input line 90.

(/usr/share/texmf/tex/latex/pdftex-def/pdftex.def
File: pdftex.def 2007/01/08 v0.04d Graphics/color for pdfTeX
\Gread@gobject=\count87
))
\Gin@req@height=\dimen103
\Gin@req@width=\dimen104
)
(/usr/share/texmf/tex/latex/caption/caption.sty
Package: caption 2007/01/07 v3.0k Customising captions (AR)

(/usr/share/texmf/tex/latex/caption/caption3.sty
Package: caption3 2007/01/07 v3.0k caption3 kernel (AR)
\captionmargin=\dimen105
\captionmarginx=\dimen106
\captionwidth=\dimen107
\captionindent=\dimen108
\captionparindent=\dimen109
\captionhangindent=\dimen110
)) (./finalReports.aux)
\openout1 = `finalReports.aux'.

LaTeX Font Info:    Checking defaults for OML/cmm/m/it on input line 6.
LaTeX Font Info:    ... okay on input line 6.
LaTeX Font Info:    Checking defaults for T1/cmr/m/n on input line 6.
LaTeX Font Info:    ... okay on input line 6.
LaTeX Font Info:    Checking defaults for OT1/cmr/m/n on input line 6.
LaTeX Font Info:    ... okay on input line 6.
LaTeX Font Info:    Checking defaults for OMS/cmsy/m/n on input line 6.
LaTeX Font Info:    ... okay on input line 6.
LaTeX Font Info:    Checking defaults for OMX/cmex/m/n on input line 6.
LaTeX Font Info:    ... okay on input line 6.
LaTeX Font Info:    Checking defaults for U/cmr/m/n on input line 6.
LaTeX Font Info:    ... okay on input line 6.

(/usr/share/texmf/tex/latex/ragged2e/ragged2e.sty
Package: ragged2e 2003/03/25 v2.04 ragged2e Package (MS)

(/usr/share/texmf/tex/latex/everysel/everysel.sty
Package: everysel 1999/06/08 v1.03 EverySelectfont Package (MS)
LaTeX Info: Redefining \selectfont on input line 125.
)
\CenteringLeftskip=\skip43
\RaggedLeftLeftskip=\skip44
\RaggedRightLeftskip=\skip45
\CenteringRightskip=\skip46
\RaggedLeftRightskip=\skip47
\RaggedRightRightskip=\skip48
\CenteringParfillskip=\skip49
\RaggedLeftParfillskip=\skip50
\RaggedRightParfillskip=\skip51
\JustifyingParfillskip=\skip52
\CenteringParindent=\skip53
\RaggedLeftParindent=\skip54
\RaggedRightParindent=\skip55
\JustifyingParindent=\skip56
)
LaTeX Font Info:    External font `cmex10' loaded for size
(Font)              <7> on input line 25.
LaTeX Font Info:    External font `cmex10' loaded for size
(Font)              <5> on input line 25.
 [1

{/usr/share/texmf/fonts/map/pdftex/updmap/pdftex.map}]
<mainmapscreen.png, id=8, 1371.1225pt x 666.49pt>
File: mainmapscreen.png Graphic file (type png)
 <use mainmapscreen.png>
<reports_list.png, id=9, 1371.1225pt x 666.49pt>
File: reports_list.png Graphic file (type png)
 <use reports_list.png>
[1 <./mainmapscreen.png (PNG copy)>]
LaTeX Font Info:    Try loading font information for OMS+cmr on input line 54.
 (/usr/share/texmf/tex/latex/base/omscmr.fd
File: omscmr.fd 1999/05/25 v2.5h Standard LaTeX font definitions
)
LaTeX Font Info:    Font shape `OMS/cmr/m/n' in size <10> not available
(Font)              Font shape `OMS/cmsy/m/n' tried instead on input line 54.
 <submit_report_outside_georole_error.png, id=14, 1371.1225pt x 666.49pt>
File: submit_report_outside_georole_error.png Graphic file (type png)

<use submit_report_outside_georole_error.png>
<admin_dashboard_reports_list.png, id=15, 1371.1225pt x 666.49pt>
File: admin_dashboard_reports_list.png Graphic file (type png)

<use admin_dashboard_reports_list.png> [2 <./reports_list.png (PNG copy)> <./su
bmit_report_outside_georole_error.png (PNG copy)>]
<user_list.png, id=20, 1371.1225pt x 666.49pt>
File: user_list.png Graphic file (type png)
 <use user_list.png>
<multiple_user_list_error.png, id=21, 1371.1225pt x 666.49pt>
File: multiple_user_list_error.png Graphic file (type png)

<use multiple_user_list_error.png> [3 <./admin_dashboard_reports_list.png (PNG 
copy)>] <sql_table.png, id=25, 1371.1225pt x 666.49pt>
File: sql_table.png Graphic file (type png)
 <use sql_table.png>
[4 <./user_list.png (PNG copy)> <./multiple_user_list_error.png (PNG copy)>]
<jira_bug_list.png, id=29, 1028.34187pt x 578.16pt>
File: jira_bug_list.png Graphic file (type png)
 <use jira_bug_list.png>
[5 <./sql_table.png (PNG copy)> <./jira_bug_list.png (PNG copy)>] [6]
Overfull \hbox (1.34682pt too wide) in paragraph at lines 159--160
[]\OT1/cmr/m/n/10 GEOMETRY lay-out from sub-mit re-port page found in reports-s
ubmit.php,
 []


Overfull \hbox (19.64508pt too wide) in paragraph at lines 161--163
[]\OT1/cmr/m/n/10 -drawCircle() func-tion lo-cated at line 110 in views/map[]co
mmon[]js -drawCircle
 []

[7]
Overfull \hbox (8.19522pt too wide) in paragraph at lines 189--190
[]\OT1/cmr/m/n/10 function call in /mod-ules/auth/libraries/drivers/Auth/ORM.ph
p (line 256), 
 []


Overfull \hbox (4.19518pt too wide) in paragraph at lines 203--206
\OT1/cmr/m/n/10 tion edit() start-ing at line 316 - ap-pli-ca-tions/views/admin
/reports/edit.php
 []


Overfull \hbox (2.40228pt too wide) in paragraph at lines 207--208
[]\OT1/cmr/m/n/10 Figured out that the GE-OM-E-TRY ob-ject in the ge-om-e-try t
a-ble in database
 []


Overfull \hbox (1.20906pt too wide) in paragraph at lines 211--212
\OT1/cmr/m/n/10 cus-tom Geo-Role Fil-ter by mod-i-fy-ing: /ap-pli-ca-tion/contr
ollers/reports.php
 []

[8]
Overfull \hbox (0.44525pt too wide) in paragraph at lines 221--226
[]\OT1/cmr/m/n/10 application/helpers/admin.php, ap-pli-ca-tion/helpers/reports
.php, ap-pli-ca-
 []

[9]
Overfull \hbox (11.55075pt too wide) in paragraph at lines 266--267
\OT1/cmr/m/n/10 geo-role[]reports[]listed) and /themes/default/views/blocks/mai
n[]reports.php. 
 []

[10]
Overfull \hbox (12.3228pt too wide) in paragraph at lines 280--281
\OT1/cmr/m/n/10 add con-di-tional to show a red er-ror box if cur-rent page is 
the geo-role[]error.php
 []

[11]
Overfull \hbox (3.65814pt too wide) in paragraph at lines 307--309
\OT1/cmr/m/n/10 other ad-min-is-tra-tors). To do this mod-i-fied /ap-pli-caiton
s/controllers/admin
 []


Overfull \hbox (5.61174pt too wide) in paragraph at lines 310--313
\OT1/cmr/m/n/10 in /ap-pli-caitons/controllers/admin/user.php was not edited wh
en it reached
 []


Overfull \hbox (7.94513pt too wide) in paragraph at lines 315--316
\OT1/cmr/m/n/10 loop on page in the re-ports con-troller /ap-pli-caitions/contr
ollers/reports.php. 
 []

[12] [13] (./finalReports.aux) ) 
Here is how much of TeX's memory you used:
 1108 strings out of 256216
 16914 string characters out of 1917073
 70522 words of memory out of 1500000
 4427 multiletter control sequences out of 10000+200000
 6058 words of font info for 22 fonts, out of 1200000 for 2000
 645 hyphenation exceptions out of 8191
 35i,6n,38p,1044b,269s stack positions out of 5000i,500n,6000p,200000b,15000s
</usr/share/texmf/fonts/type1/bluesky/cm/cmbx12
.pfb></usr/share/texmf/fonts/type1/bluesky/cm/cmcsc10.pfb></usr/share/texmf/fon
ts/type1/bluesky/cm/cmr10.pfb></usr/share/texmf/fonts/type1/bluesky/cm/cmr12.pf
b></usr/share/texmf/fonts/type1/bluesky/cm/cmsy10.pfb>
Output written on finalReports.pdf (14 pages, 1618732 bytes).
PDF statistics:
 76 PDF objects out of 1000 (max. 8388607)
 0 named destinations out of 1000 (max. 131072)
 41 words of extra memory for PDF output out of 10000 (max. 10000000)

